<Event xmlns="http://schemas.microsoft.com/win/2004/08/events/event"><System>  <Provider Name="Microsoft-Windows-Security-Auditing" Guid="{54849625-5478-4994-a5ba-3e3b0328c30d}" />   <EventID>4625</EventID>   <Version>0</Version>   <Level>0</Level>   <Task>12544</Task>   <Opcode>0</Opcode>   <Keywords>0x8010000000000000</Keywords>   <TimeCreated SystemTime="2022-04-29T12:36:01.9027913Z" />   <EventRecordID>2559</EventRecordID>   <Correlation ActivityID="{31491fb2-5b07-0001-4d20-4931075bd801}" />   <Execution ProcessID="712" ThreadID="20372" />   <Channel>Security</Channel>   <Computer>exchange-1.mydomain.test</Computer>   <Security />   </System><EventData>  <Data Name="SubjectUserSid">S-1-0-0</Data>   <Data Name="SubjectUserName">-</Data>   <Data Name="SubjectDomainName">-</Data>   <Data Name="SubjectLogonId">0x0</Data>   <Data Name="TargetUserSid">S-1-0-0</Data>   <Data Name="TargetUserName">asdfasdf</Data>   <Data Name="TargetDomainName">MYDOMAIN</Data>   <Data Name="Status">0xc000006d</Data>   <Data Name="FailureReason">%%2313</Data>   <Data Name="SubStatus">0xc0000064</Data>   <Data Name="LogonType">3</Data>   <Data Name="LogonProcessName">NtLmSsp</Data>   <Data Name="AuthenticationPackageName">NTLM</Data>   <Data Name="WorkstationName">DESKTOP-7QD9TN3</Data>   <Data Name="TransmittedServices">-</Data>   <Data Name="LmPackageName">-</Data>   <Data Name="KeyLength">0</Data>   <Data Name="ProcessId">0x0</Data>   <Data Name="ProcessName">-</Data>   <Data Name="IpAddress">192.168.9.212</Data>   <Data Name="IpPort">0</Data>   </EventData>  </Event>
<Event xmlns="http://schemas.microsoft.com/win/2004/08/events/event"><System>  <Provider Name="Microsoft-Windows-Security-Auditing" Guid="{54849625-5478-4994-a5ba-3e3b0328c30d}" />   <EventID>4625</EventID>   <Version>0</Version>   <Level>0</Level>   <Task>12544</Task>   <Opcode>0</Opcode>   <Keywords>0x8010000000000000</Keywords>   <TimeCreated SystemTime="2022-04-29T12:36:02.2268806Z" />   <EventRecordID>2560</EventRecordID>   <Correlation ActivityID="{31491fb2-5b07-0001-4d20-4931075bd801}" />   <Execution ProcessID="712" ThreadID="22036" />   <Channel>Security</Channel>   <Computer>exchange-1.mydomain.test</Computer>   <Security />   </System><EventData>  <Data Name="SubjectUserSid">S-1-0-0</Data>   <Data Name="SubjectUserName">-</Data>   <Data Name="SubjectDomainName">-</Data>   <Data Name="SubjectLogonId">0x0</Data>   <Data Name="TargetUserSid">S-1-0-0</Data>   <Data Name="TargetUserName">asdfasdf</Data>   <Data Name="TargetDomainName">MYDOMAIN</Data>   <Data Name="Status">0xc000006d</Data>   <Data Name="FailureReason">%%2313</Data>   <Data Name="SubStatus">0xc0000064</Data>   <Data Name="LogonType">3</Data>   <Data Name="LogonProcessName">NtLmSsp</Data>   <Data Name="AuthenticationPackageName">NTLM</Data>   <Data Name="WorkstationName">DESKTOP-7QD9TN3</Data>   <Data Name="TransmittedServices">-</Data>   <Data Name="LmPackageName">-</Data>   <Data Name="KeyLength">0</Data>   <Data Name="ProcessId">0x0</Data>   <Data Name="ProcessName">-</Data>   <Data Name="IpAddress">192.168.9.212</Data>   <Data Name="IpPort">0</Data>   </EventData></Event>
<Event xmlns="http://schemas.microsoft.com/win/2004/08/events/event"><System>  <Provider Name="Microsoft-Windows-Security-Auditing" Guid="{54849625-5478-4994-a5ba-3e3b0328c30d}" />   <EventID>4625</EventID>   <Version>0</Version>   <Level>0</Level>   <Task>12544</Task>   <Opcode>0</Opcode>   <Keywords>0x8010000000000000</Keywords>   <TimeCreated SystemTime="2022-04-29T12:36:03.2268806Z" />   <EventRecordID>2561</EventRecordID>   <Correlation ActivityID="{31491fb2-5b07-0001-4d20-4931075bd801}" />   <Execution ProcessID="712" ThreadID="22036" />   <Channel>Security</Channel>   <Computer>exchange-1.mydomain.test</Computer>   <Security />   </System><EventData>  <Data Name="SubjectUserSid">S-1-0-0</Data>   <Data Name="SubjectUserName">-</Data>   <Data Name="SubjectDomainName">-</Data>   <Data Name="SubjectLogonId">0x0</Data>   <Data Name="TargetUserSid">S-1-0-0</Data>   <Data Name="TargetUserName">asdfasdf</Data>   <Data Name="TargetDomainName">MYDOMAIN</Data>   <Data Name="Status">0xc000006d</Data>   <Data Name="FailureReason">%%2313</Data>   <Data Name="SubStatus">0xc0000064</Data>   <Data Name="LogonType">3</Data>   <Data Name="LogonProcessName">NtLmSsp</Data>   <Data Name="AuthenticationPackageName">NTLM</Data>   <Data Name="WorkstationName">DESKTOP-7QD9TN3</Data>   <Data Name="TransmittedServices">-</Data>   <Data Name="LmPackageName">-</Data>   <Data Name="KeyLength">0</Data>   <Data Name="ProcessId">0x0</Data>   <Data Name="ProcessName">-</Data>   <Data Name="IpAddress">192.168.9.212</Data>   <Data Name="IpPort">0</Data>   </EventData></Event>
<Event xmlns="http://schemas.microsoft.com/win/2004/08/events/event"><System>  <Provider Name="Microsoft-Windows-Security-Auditing" Guid="{54849625-5478-4994-a5ba-3e3b0328c30d}" />   <EventID>4625</EventID>   <Version>0</Version>   <Level>0</Level>   <Task>12544</Task>   <Opcode>0</Opcode>   <Keywords>0x8010000000000000</Keywords>   <TimeCreated SystemTime="2022-04-29T12:36:04.2268806Z" />   <EventRecordID>2562</EventRecordID>   <Correlation ActivityID="{31491fb2-5b07-0001-4d20-4931075bd801}" />   <Execution ProcessID="712" ThreadID="22036" />   <Channel>Security</Channel>   <Computer>exchange-1.mydomain.test</Computer>   <Security />   </System><EventData>  <Data Name="SubjectUserSid">S-1-0-0</Data>   <Data Name="SubjectUserName">-</Data>   <Data Name="SubjectDomainName">-</Data>   <Data Name="SubjectLogonId">0x0</Data>   <Data Name="TargetUserSid">S-1-0-0</Data>   <Data Name="TargetUserName">asdfasdf</Data>   <Data Name="TargetDomainName">MYDOMAIN</Data>   <Data Name="Status">0xc000006d</Data>   <Data Name="FailureReason">%%2313</Data>   <Data Name="SubStatus">0xc0000064</Data>   <Data Name="LogonType">3</Data>   <Data Name="LogonProcessName">NtLmSsp</Data>   <Data Name="AuthenticationPackageName">NTLM</Data>   <Data Name="WorkstationName">DESKTOP-7QD9TN3</Data>   <Data Name="TransmittedServices">-</Data>   <Data Name="LmPackageName">-</Data>   <Data Name="KeyLength">0</Data>   <Data Name="ProcessId">0x0</Data>   <Data Name="ProcessName">-</Data>   <Data Name="IpAddress">192.168.9.212</Data>   <Data Name="IpPort">0</Data>   </EventData></Event>
<Event xmlns="http://schemas.microsoft.com/win/2004/08/events/event"><System>  <Provider Name="Microsoft-Windows-Security-Auditing" Guid="{54849625-5478-4994-a5ba-3e3b0328c30d}" />   <EventID>4625</EventID>   <Version>0</Version>   <Level>0</Level>   <Task>12544</Task>   <Opcode>0</Opcode>   <Keywords>0x8010000000000000</Keywords>   <TimeCreated SystemTime="2022-04-29T12:36:06.2268806Z" />   <EventRecordID>2563</EventRecordID>   <Correlation ActivityID="{31491fb2-5b07-0001-4d20-4931075bd801}" />   <Execution ProcessID="712" ThreadID="22036" />   <Channel>Security</Channel>   <Computer>exchange-1.mydomain.test</Computer>   <Security />   </System><EventData>  <Data Name="SubjectUserSid">S-1-0-0</Data>   <Data Name="SubjectUserName">-</Data>   <Data Name="SubjectDomainName">-</Data>   <Data Name="SubjectLogonId">0x0</Data>   <Data Name="TargetUserSid">S-1-0-0</Data>   <Data Name="TargetUserName">asdfasdf</Data>   <Data Name="TargetDomainName">MYDOMAIN</Data>   <Data Name="Status">0xc000006d</Data>   <Data Name="FailureReason">%%2313</Data>   <Data Name="SubStatus">0xc0000064</Data>   <Data Name="LogonType">3</Data>   <Data Name="LogonProcessName">NtLmSsp</Data>   <Data Name="AuthenticationPackageName">NTLM</Data>   <Data Name="WorkstationName">DESKTOP-7QD9TN3</Data>   <Data Name="TransmittedServices">-</Data>   <Data Name="LmPackageName">-</Data>   <Data Name="KeyLength">0</Data>   <Data Name="ProcessId">0x0</Data>   <Data Name="ProcessName">-</Data>   <Data Name="IpAddress">192.168.9.212</Data>   <Data Name="IpPort">0</Data>   </EventData></Event>
<Event xmlns="http://schemas.microsoft.com/win/2004/08/events/event"><System>  <Provider Name="Microsoft-Windows-Security-Auditing" Guid="{54849625-5478-4994-a5ba-3e3b0328c30d}" />   <EventID>4625</EventID>   <Version>0</Version>   <Level>0</Level>   <Task>12544</Task>   <Opcode>0</Opcode>   <Keywords>0x8010000000000000</Keywords>   <TimeCreated SystemTime="2022-04-29T12:36:07.2268806Z" />   <EventRecordID>2563</EventRecordID>   <Correlation ActivityID="{31491fb2-5b07-0001-4d20-4931075bd801}" />   <Execution ProcessID="712" ThreadID="22036" />   <Channel>Security</Channel>   <Computer>exchange-1.mydomain.test</Computer>   <Security />   </System><EventData>  <Data Name="SubjectUserSid">S-1-0-0</Data>   <Data Name="SubjectUserName">-</Data>   <Data Name="SubjectDomainName">-</Data>   <Data Name="SubjectLogonId">0x0</Data>   <Data Name="TargetUserSid">S-1-0-0</Data>   <Data Name="TargetUserName">asdfasdf</Data>   <Data Name="TargetDomainName">MYDOMAIN</Data>   <Data Name="Status">0xc000006d</Data>   <Data Name="FailureReason">%%2313</Data>   <Data Name="SubStatus">0xc0000064</Data>   <Data Name="LogonType">3</Data>   <Data Name="LogonProcessName">NtLmSsp</Data>   <Data Name="AuthenticationPackageName">NTLM</Data>   <Data Name="WorkstationName">DESKTOP-7QD9TN3</Data>   <Data Name="TransmittedServices">-</Data>   <Data Name="LmPackageName">-</Data>   <Data Name="KeyLength">0</Data>   <Data Name="ProcessId">0x0</Data>   <Data Name="ProcessName">-</Data>   <Data Name="IpAddress">192.168.9.212</Data>   <Data Name="IpPort">0</Data>   </EventData></Event>